# JRE version: OpenJDK Runtime Environment (8.0_242-b01) (build 1.8.0_242-release-1644-b01)
# Java VM: OpenJDK 64-Bit Server VM (25.242-b01 mixed mode windows-amd64 compressed oops)
Heap:
 PSYoungGen      total 587776K, used 43507K [0x00000000d5580000, 0x00000000fe200000, 0x0000000100000000)
  eden space 544256K, 0% used [0x00000000d5580000,0x00000000d5580000,0x00000000f6900000)
  from space 43520K, 99% used [0x00000000f9880000,0x00000000fc2fcf40,0x00000000fc300000)
  to   space 31744K, 0% used [0x00000000fc300000,0x00000000fc300000,0x00000000fe200000)
 ParOldGen       total 128512K, used 128336K [0x0000000080000000, 0x0000000087d80000, 0x00000000d5580000)
  object space 128512K, 99% used [0x0000000080000000,0x0000000087d54078,0x0000000087d80000)
 Metaspace       used 114384K, capacity 121280K, committed 121344K, reserved 1155072K
  class space    used 14751K, capacity 16085K, committed 16128K, reserved 1048576K
GC Heap History (10 events):
Event: 460.605 GC heap after
Heap after GC invocations=31 (full 4):
 PSYoungGen      total 679424K, used 0K [0x00000000d5580000, 0x0000000100000000, 0x0000000100000000)
  eden space 659968K, 0% used [0x00000000d5580000,0x00000000d5580000,0x00000000fda00000)
  from space 19456K, 0% used [0x00000000fda00000,0x00000000fda00000,0x00000000fed00000)
  to   space 19456K, 0% used [0x00000000fed00000,0x00000000fed00000,0x0000000100000000)
 ParOldGen       total 127488K, used 71065K [0x0000000080000000, 0x0000000087c80000, 0x00000000d5580000)
  object space 127488K, 55% used [0x0000000080000000,0x0000000084566460,0x0000000087c80000)
 Metaspace       used 82699K, capacity 86726K, committed 87552K, reserved 1124352K
  class space    used 10817K, capacity 11583K, committed 11776K, reserved 1048576K
}
Event: 536.610 GC heap before
{Heap before GC invocations=32 (full 4):
 PSYoungGen      total 679424K, used 659968K [0x00000000d5580000, 0x0000000100000000, 0x0000000100000000)
  eden space 659968K, 100% used [0x00000000d5580000,0x00000000fda00000,0x00000000fda00000)
  from space 19456K, 0% used [0x00000000fda00000,0x00000000fda00000,0x00000000fed00000)
  to   space 19456K, 0% used [0x00000000fed00000,0x00000000fed00000,0x0000000100000000)
 ParOldGen       total 127488K, used 71065K [0x0000000080000000, 0x0000000087c80000, 0x00000000d5580000)
  object space 127488K, 55% used [0x0000000080000000,0x0000000084566460,0x0000000087c80000)
 Metaspace       used 91107K, capacity 95658K, committed 95872K, reserved 1132544K
  class space    used 11898K, capacity 12803K, committed 12928K, reserved 1048576K
Event: 536.657 GC heap after
Heap after GC invocations=32 (full 4):
 PSYoungGen      total 647680K, used 19444K [0x00000000d5580000, 0x0000000100000000, 0x0000000100000000)
  eden space 628224K, 0% used [0x00000000d5580000,0x00000000d5580000,0x00000000fbb00000)
  from space 19456K, 99% used [0x00000000fed00000,0x00000000ffffd350,0x0000000100000000)
  to   space 35328K, 0% used [0x00000000fbb00000,0x00000000fbb00000,0x00000000fdd80000)
 ParOldGen       total 127488K, used 73658K [0x0000000080000000, 0x0000000087c80000, 0x00000000d5580000)
  object space 127488K, 57% used [0x0000000080000000,0x00000000847ee910,0x0000000087c80000)
 Metaspace       used 91107K, capacity 95658K, committed 95872K, reserved 1132544K
  class space    used 11898K, capacity 12803K, committed 12928K, reserved 1048576K
}
Event: 575.001 GC heap before
{Heap before GC invocations=33 (full 4):
 PSYoungGen      total 647680K, used 647668K [0x00000000d5580000, 0x0000000100000000, 0x0000000100000000)
  eden space 628224K, 100% used [0x00000000d5580000,0x00000000fbb00000,0x00000000fbb00000)
  from space 19456K, 99% used [0x00000000fed00000,0x00000000ffffd350,0x0000000100000000)
  to   space 35328K, 0% used [0x00000000fbb00000,0x00000000fbb00000,0x00000000fdd80000)
 ParOldGen       total 127488K, used 73658K [0x0000000080000000, 0x0000000087c80000, 0x00000000d5580000)
  object space 127488K, 57% used [0x0000000080000000,0x00000000847ee910,0x0000000087c80000)
 Metaspace       used 93842K, capacity 98432K, committed 98688K, reserved 1134592K
  class space    used 12232K, capacity 13105K, committed 13184K, reserved 1048576K
Event: 575.144 GC heap after
Heap after GC invocations=33 (full 4):
 PSYoungGen      total 612352K, used 12977K [0x00000000d5580000, 0x00000000fed80000, 0x0000000100000000)
  eden space 599040K, 0% used [0x00000000d5580000,0x00000000d5580000,0x00000000f9e80000)
  from space 13312K, 97% used [0x00000000fbb00000,0x00000000fc7ac620,0x00000000fc800000)
  to   space 33280K, 0% used [0x00000000fcd00000,0x00000000fcd00000,0x00000000fed80000)
 ParOldGen       total 127488K, used 86791K [0x0000000080000000, 0x0000000087c80000, 0x00000000d5580000)
  object space 127488K, 68% used [0x0000000080000000,0x00000000854c1f20,0x0000000087c80000)
 Metaspace       used 93842K, capacity 98432K, committed 98688K, reserved 1134592K
  class space    used 12232K, capacity 13105K, committed 13184K, reserved 1048576K
}
Event: 1582.279 GC heap before
{Heap before GC invocations=34 (full 4):
 PSYoungGen      total 612352K, used 612017K [0x00000000d5580000, 0x00000000fed80000, 0x0000000100000000)
  eden space 599040K, 100% used [0x00000000d5580000,0x00000000f9e80000,0x00000000f9e80000)
  from space 13312K, 97% used [0x00000000fbb00000,0x00000000fc7ac620,0x00000000fc800000)
  to   space 33280K, 0% used [0x00000000fcd00000,0x00000000fcd00000,0x00000000fed80000)
 ParOldGen       total 127488K, used 86791K [0x0000000080000000, 0x0000000087c80000, 0x00000000d5580000)
  object space 127488K, 68% used [0x0000000080000000,0x00000000854c1f20,0x0000000087c80000)
 Metaspace       used 104133K, capacity 109658K, committed 109824K, reserved 1144832K
  class space    used 13384K, capacity 14508K, committed 14592K, reserved 1048576K
Event: 1582.503 GC heap after
Heap after GC invocations=34 (full 4):
 PSYoungGen      total 604160K, used 33278K [0x00000000d5580000, 0x00000000fed80000, 0x0000000100000000)
  eden space 570880K, 0% used [0x00000000d5580000,0x00000000d5580000,0x00000000f8300000)
  from space 33280K, 99% used [0x00000000fcd00000,0x00000000fed7fbf0,0x00000000fed80000)
  to   space 43520K, 0% used [0x00000000f9880000,0x00000000f9880000,0x00000000fc300000)
 ParOldGen       total 127488K, used 99054K [0x0000000080000000, 0x0000000087c80000, 0x00000000d5580000)
  object space 127488K, 77% used [0x0000000080000000,0x00000000860bbb98,0x0000000087c80000)
 Metaspace       used 104133K, capacity 109658K, committed 109824K, reserved 1144832K
  class space    used 13384K, capacity 14508K, committed 14592K, reserved 1048576K
}
Event: 1638.289 GC heap before
{Heap before GC invocations=35 (full 4):
 PSYoungGen      total 604160K, used 604158K [0x00000000d5580000, 0x00000000fed80000, 0x0000000100000000)
  eden space 570880K, 100% used [0x00000000d5580000,0x00000000f8300000,0x00000000f8300000)
  from space 33280K, 99% used [0x00000000fcd00000,0x00000000fed7fbf0,0x00000000fed80000)
  to   space 43520K, 0% used [0x00000000f9880000,0x00000000f9880000,0x00000000fc300000)
 ParOldGen       total 127488K, used 99054K [0x0000000080000000, 0x0000000087c80000, 0x00000000d5580000)
  object space 127488K, 77% used [0x0000000080000000,0x00000000860bbb98,0x0000000087c80000)
 Metaspace       used 114384K, capacity 121280K, committed 121344K, reserved 1155072K
  class space    used 14751K, capacity 16085K, committed 16128K, reserved 1048576K
Event: 1638.564 GC heap after
Heap after GC invocations=35 (full 4):
 PSYoungGen      total 587776K, used 43507K [0x00000000d5580000, 0x00000000fe200000, 0x0000000100000000)
  eden space 544256K, 0% used [0x00000000d5580000,0x00000000d5580000,0x00000000f6900000)
  from space 43520K, 99% used [0x00000000f9880000,0x00000000fc2fcf40,0x00000000fc300000)
  to   space 31744K, 0% used [0x00000000fc300000,0x00000000fc300000,0x00000000fe200000)
 ParOldGen       total 128512K, used 128336K [0x0000000080000000, 0x0000000087d80000, 0x00000000d5580000)
  object space 128512K, 99% used [0x0000000080000000,0x0000000087d54078,0x0000000087d80000)
 Metaspace       used 114384K, capacity 121280K, committed 121344K, reserved 1155072K
  class space    used 14751K, capacity 16085K, committed 16128K, reserved 1048576K
}
Event: 1638.564 GC heap before
{Heap before GC invocations=36 (full 5):
 PSYoungGen      total 587776K, used 43507K [0x00000000d5580000, 0x00000000fe200000, 0x0000000100000000)
  eden space 544256K, 0% used [0x00000000d5580000,0x00000000d5580000,0x00000000f6900000)
  from space 43520K, 99% used [0x00000000f9880000,0x00000000fc2fcf40,0x00000000fc300000)
  to   space 31744K, 0% used [0x00000000fc300000,0x00000000fc300000,0x00000000fe200000)
 ParOldGen       total 128512K, used 128336K [0x0000000080000000, 0x0000000087d80000, 0x00000000d5580000)
  object space 128512K, 99% used [0x0000000080000000,0x0000000087d54078,0x0000000087d80000)
 Metaspace       used 114384K, capacity 121280K, committed 121344K, reserved 1155072K
  class space    used 14751K, capacity 16085K, committed 16128K, reserved 1048576K

